{"__type":"$$EventMessageWorkflow","id":"ce2fb2e1-f056-40ff-a725-360ef8d47070","ts":"2025-05-25T03:08:49.543+00:00","eventName":"n8n.workflow.started","message":"n8n.workflow.started","payload":{"executionId":"9","workflowId":"39hy6M7aA26hVBaE","isManual":false,"workflowName":"My workflow"}}
{"__type":"$$EventMessageConfirm","confirm":"ce2fb2e1-f056-40ff-a725-360ef8d47070","ts":"2025-05-25T03:08:49.544+00:00","source":{"id":"0","name":"eventBus"}}
{"__type":"$$EventMessageNode","id":"ec06ed58-031e-422b-a8e2-dd089bb0ef9e","ts":"2025-05-25T03:08:49.547+00:00","eventName":"n8n.node.started","message":"n8n.node.started","payload":{"workflowId":"39hy6M7aA26hVBaE","workflowName":"My workflow","executionId":"9","nodeType":"n8n-nodes-base.gmailTrigger","nodeName":"Gmail Trigger"}}
{"__type":"$$EventMessageConfirm","confirm":"ec06ed58-031e-422b-a8e2-dd089bb0ef9e","ts":"2025-05-25T03:08:49.548+00:00","source":{"id":"0","name":"eventBus"}}
{"__type":"$$EventMessageNode","id":"12545b5e-5299-4037-9de1-480f1b46688f","ts":"2025-05-25T03:08:58.519+00:00","eventName":"n8n.node.finished","message":"n8n.node.finished","payload":{"workflowId":"39hy6M7aA26hVBaE","workflowName":"My workflow","executionId":"9","nodeType":"n8n-nodes-base.gmailTrigger","nodeName":"Gmail Trigger"}}
{"__type":"$$EventMessageConfirm","confirm":"12545b5e-5299-4037-9de1-480f1b46688f","ts":"2025-05-25T03:08:58.519+00:00","source":{"id":"0","name":"eventBus"}}
{"__type":"$$EventMessageWorkflow","id":"b1e14c45-6e74-4fbc-a1f0-eb965d6aa8a9","ts":"2025-05-25T03:08:58.525+00:00","eventName":"n8n.workflow.success","message":"n8n.workflow.success","payload":{"executionId":"9","userId":"bd2efce8-9104-4e75-a6ca-39edeaa5ccef","success":true,"isManual":true,"workflowId":"39hy6M7aA26hVBaE","workflowName":"My workflow"}}
{"__type":"$$EventMessageConfirm","confirm":"b1e14c45-6e74-4fbc-a1f0-eb965d6aa8a9","ts":"2025-05-25T03:08:58.526+00:00","source":{"id":"0","name":"eventBus"}}
{"__type":"$$EventMessageWorkflow","id":"70df48cc-e88e-4bf3-ace7-c3e3fbe08d8a","ts":"2025-05-25T03:13:04.065+00:00","eventName":"n8n.workflow.started","message":"n8n.workflow.started","payload":{"executionId":"10","workflowId":"39hy6M7aA26hVBaE","isManual":false,"workflowName":"My workflow"}}
{"__type":"$$EventMessageConfirm","confirm":"70df48cc-e88e-4bf3-ace7-c3e3fbe08d8a","ts":"2025-05-25T03:13:04.065+00:00","source":{"id":"0","name":"eventBus"}}
{"__type":"$$EventMessageNode","id":"5a739665-b84e-40b6-87ab-c13584bb9a4e","ts":"2025-05-25T03:13:04.066+00:00","eventName":"n8n.node.started","message":"n8n.node.started","payload":{"workflowId":"39hy6M7aA26hVBaE","workflowName":"My workflow","executionId":"10","nodeType":"n8n-nodes-base.gmailTrigger","nodeName":"Gmail Trigger"}}
{"__type":"$$EventMessageConfirm","confirm":"5a739665-b84e-40b6-87ab-c13584bb9a4e","ts":"2025-05-25T03:13:04.066+00:00","source":{"id":"0","name":"eventBus"}}
{"__type":"$$EventMessageNode","id":"738220fe-8774-4a8f-96d9-408e4cd2135a","ts":"2025-05-25T03:13:05.976+00:00","eventName":"n8n.node.finished","message":"n8n.node.finished","payload":{"workflowId":"39hy6M7aA26hVBaE","workflowName":"My workflow","executionId":"10","nodeType":"n8n-nodes-base.gmailTrigger","nodeName":"Gmail Trigger"}}
{"__type":"$$EventMessageConfirm","confirm":"738220fe-8774-4a8f-96d9-408e4cd2135a","ts":"2025-05-25T03:13:05.976+00:00","source":{"id":"0","name":"eventBus"}}
{"__type":"$$EventMessageWorkflow","id":"ac33dff7-f29d-4f79-9403-9a7dd43e92e4","ts":"2025-05-25T03:13:05.981+00:00","eventName":"n8n.workflow.success","message":"n8n.workflow.success","payload":{"executionId":"10","userId":"bd2efce8-9104-4e75-a6ca-39edeaa5ccef","success":true,"isManual":true,"workflowId":"39hy6M7aA26hVBaE","workflowName":"My workflow"}}
{"__type":"$$EventMessageConfirm","confirm":"ac33dff7-f29d-4f79-9403-9a7dd43e92e4","ts":"2025-05-25T03:13:05.981+00:00","source":{"id":"0","name":"eventBus"}}
{"__type":"$$EventMessageWorkflow","id":"11b8529c-3ec1-4007-b6d7-49e39d02cfe0","ts":"2025-05-25T03:14:22.290+00:00","eventName":"n8n.workflow.started","message":"n8n.workflow.started","payload":{"executionId":"11","workflowId":"39hy6M7aA26hVBaE","isManual":false,"workflowName":"My workflow"}}
{"__type":"$$EventMessageConfirm","confirm":"11b8529c-3ec1-4007-b6d7-49e39d02cfe0","ts":"2025-05-25T03:14:22.290+00:00","source":{"id":"0","name":"eventBus"}}
{"__type":"$$EventMessageNode","id":"518f6698-af06-41fd-99f0-aab9996fd65f","ts":"2025-05-25T03:14:22.290+00:00","eventName":"n8n.node.started","message":"n8n.node.started","payload":{"workflowId":"39hy6M7aA26hVBaE","workflowName":"My workflow","executionId":"11","nodeType":"n8n-nodes-base.gmailTrigger","nodeName":"Gmail Trigger"}}
{"__type":"$$EventMessageConfirm","confirm":"518f6698-af06-41fd-99f0-aab9996fd65f","ts":"2025-05-25T03:14:22.290+00:00","source":{"id":"0","name":"eventBus"}}
{"__type":"$$EventMessageNode","id":"3c47651e-2674-437f-b29f-43181b1e2432","ts":"2025-05-25T03:14:23.447+00:00","eventName":"n8n.node.finished","message":"n8n.node.finished","payload":{"workflowId":"39hy6M7aA26hVBaE","workflowName":"My workflow","executionId":"11","nodeType":"n8n-nodes-base.gmailTrigger","nodeName":"Gmail Trigger"}}
{"__type":"$$EventMessageConfirm","confirm":"3c47651e-2674-437f-b29f-43181b1e2432","ts":"2025-05-25T03:14:23.447+00:00","source":{"id":"0","name":"eventBus"}}
{"__type":"$$EventMessageWorkflow","id":"5167237d-1e0d-4e70-86dd-ac8d78d91688","ts":"2025-05-25T03:14:23.450+00:00","eventName":"n8n.workflow.success","message":"n8n.workflow.success","payload":{"executionId":"11","userId":"bd2efce8-9104-4e75-a6ca-39edeaa5ccef","success":true,"isManual":true,"workflowId":"39hy6M7aA26hVBaE","workflowName":"My workflow"}}
{"__type":"$$EventMessageConfirm","confirm":"5167237d-1e0d-4e70-86dd-ac8d78d91688","ts":"2025-05-25T03:14:23.450+00:00","source":{"id":"0","name":"eventBus"}}
{"__type":"$$EventMessageWorkflow","id":"2a3f15f6-92e6-4b88-acff-2767b76d0158","ts":"2025-05-25T03:18:08.949+00:00","eventName":"n8n.workflow.started","message":"n8n.workflow.started","payload":{"executionId":"12","workflowId":"39hy6M7aA26hVBaE","isManual":false,"workflowName":"My workflow"}}
{"__type":"$$EventMessageConfirm","confirm":"2a3f15f6-92e6-4b88-acff-2767b76d0158","ts":"2025-05-25T03:18:08.949+00:00","source":{"id":"0","name":"eventBus"}}
{"__type":"$$EventMessageNode","id":"aa7c383f-d31a-479b-8967-f61e33cf142b","ts":"2025-05-25T03:18:08.950+00:00","eventName":"n8n.node.started","message":"n8n.node.started","payload":{"workflowId":"39hy6M7aA26hVBaE","workflowName":"My workflow","executionId":"12","nodeType":"n8n-nodes-base.gmailTrigger","nodeName":"Gmail Trigger"}}
{"__type":"$$EventMessageConfirm","confirm":"aa7c383f-d31a-479b-8967-f61e33cf142b","ts":"2025-05-25T03:18:08.950+00:00","source":{"id":"0","name":"eventBus"}}
{"__type":"$$EventMessageNode","id":"c41dc805-9143-4be6-a6b0-74617c2081ce","ts":"2025-05-25T03:18:10.428+00:00","eventName":"n8n.node.finished","message":"n8n.node.finished","payload":{"workflowId":"39hy6M7aA26hVBaE","workflowName":"My workflow","executionId":"12","nodeType":"n8n-nodes-base.gmailTrigger","nodeName":"Gmail Trigger"}}
{"__type":"$$EventMessageConfirm","confirm":"c41dc805-9143-4be6-a6b0-74617c2081ce","ts":"2025-05-25T03:18:10.429+00:00","source":{"id":"0","name":"eventBus"}}
{"__type":"$$EventMessageNode","id":"a1202d08-bd06-4d2c-9482-139a59dfd442","ts":"2025-05-25T03:18:10.429+00:00","eventName":"n8n.node.started","message":"n8n.node.started","payload":{"workflowId":"39hy6M7aA26hVBaE","workflowName":"My workflow","executionId":"12","nodeType":"n8n-nodes-base.html","nodeName":"HTML"}}
{"__type":"$$EventMessageConfirm","confirm":"a1202d08-bd06-4d2c-9482-139a59dfd442","ts":"2025-05-25T03:18:10.429+00:00","source":{"id":"0","name":"eventBus"}}
{"__type":"$$EventMessageNode","id":"8db6bc7d-5e53-473d-8cd5-b1d4e1a6b4cd","ts":"2025-05-25T03:18:10.448+00:00","eventName":"n8n.node.finished","message":"n8n.node.finished","payload":{"workflowId":"39hy6M7aA26hVBaE","workflowName":"My workflow","executionId":"12","nodeType":"n8n-nodes-base.html","nodeName":"HTML"}}
{"__type":"$$EventMessageConfirm","confirm":"8db6bc7d-5e53-473d-8cd5-b1d4e1a6b4cd","ts":"2025-05-25T03:18:10.448+00:00","source":{"id":"0","name":"eventBus"}}
{"__type":"$$EventMessageWorkflow","id":"544b5b6a-316a-4862-9843-073f30315fe1","ts":"2025-05-25T03:18:10.452+00:00","eventName":"n8n.workflow.success","message":"n8n.workflow.success","payload":{"executionId":"12","userId":"bd2efce8-9104-4e75-a6ca-39edeaa5ccef","success":true,"isManual":true,"workflowId":"39hy6M7aA26hVBaE","workflowName":"My workflow"}}
{"__type":"$$EventMessageConfirm","confirm":"544b5b6a-316a-4862-9843-073f30315fe1","ts":"2025-05-25T03:18:10.452+00:00","source":{"id":"0","name":"eventBus"}}
{"__type":"$$EventMessageWorkflow","id":"5128f632-8f81-4013-9e6b-25f74fc31cac","ts":"2025-05-25T03:18:18.025+00:00","eventName":"n8n.workflow.started","message":"n8n.workflow.started","payload":{"executionId":"13","workflowId":"39hy6M7aA26hVBaE","isManual":false,"workflowName":"My workflow"}}
{"__type":"$$EventMessageConfirm","confirm":"5128f632-8f81-4013-9e6b-25f74fc31cac","ts":"2025-05-25T03:18:18.025+00:00","source":{"id":"0","name":"eventBus"}}
{"__type":"$$EventMessageNode","id":"6c5c28f8-25b4-454b-9aae-5f53e504b17e","ts":"2025-05-25T03:18:18.027+00:00","eventName":"n8n.node.started","message":"n8n.node.started","payload":{"workflowId":"39hy6M7aA26hVBaE","workflowName":"My workflow","executionId":"13","nodeType":"n8n-nodes-base.html","nodeName":"HTML"}}
{"__type":"$$EventMessageConfirm","confirm":"6c5c28f8-25b4-454b-9aae-5f53e504b17e","ts":"2025-05-25T03:18:18.027+00:00","source":{"id":"0","name":"eventBus"}}
{"__type":"$$EventMessageNode","id":"09cd0c7b-0267-4aa1-a723-3cc7284d85d9","ts":"2025-05-25T03:18:18.033+00:00","eventName":"n8n.node.finished","message":"n8n.node.finished","payload":{"workflowId":"39hy6M7aA26hVBaE","workflowName":"My workflow","executionId":"13","nodeType":"n8n-nodes-base.html","nodeName":"HTML"}}
{"__type":"$$EventMessageConfirm","confirm":"09cd0c7b-0267-4aa1-a723-3cc7284d85d9","ts":"2025-05-25T03:18:18.034+00:00","source":{"id":"0","name":"eventBus"}}
{"__type":"$$EventMessageWorkflow","id":"cdcb88fd-bb0a-4792-8df1-cb88faef4413","ts":"2025-05-25T03:18:18.036+00:00","eventName":"n8n.workflow.success","message":"n8n.workflow.success","payload":{"executionId":"13","userId":"bd2efce8-9104-4e75-a6ca-39edeaa5ccef","success":true,"isManual":true,"workflowId":"39hy6M7aA26hVBaE","workflowName":"My workflow"}}
{"__type":"$$EventMessageConfirm","confirm":"cdcb88fd-bb0a-4792-8df1-cb88faef4413","ts":"2025-05-25T03:18:18.036+00:00","source":{"id":"0","name":"eventBus"}}
